<?xml version="1.0" encoding="UTF-8"?>
<testng-results ignored="0" total="2" passed="2" failed="0" skipped="0">
  <reporter-output>
  </reporter-output>
  <suite started-at="2022-06-03T11:00:17 IST" name="Default suite" finished-at="2022-06-03T11:01:18 IST" duration-ms="60855">
    <groups>
    </groups>
    <test started-at="2022-06-03T11:00:17 IST" name="Default test" finished-at="2022-06-03T11:01:18 IST" duration-ms="60855">
      <class name="com.selenium.testcases.TestCases">
        <test-method is-config="true" signature="setup()[pri:0, instance:com.selenium.testcases.TestCases@3e58a80e]" started-at="2022-06-03T11:00:17 IST" name="setup" finished-at="2022-06-03T11:00:21 IST" duration-ms="3809" status="PASS">
          <reporter-output>
          </reporter-output>
        </test-method> <!-- setup -->
        <test-method signature="BajajTestCase()[pri:1, instance:com.selenium.testcases.TestCases@3e58a80e]" started-at="2022-06-03T11:00:21 IST" name="BajajTestCase" description="Bajaj Test Case" finished-at="2022-06-03T11:00:41 IST" duration-ms="20044" status="PASS">
          <reporter-output>
          </reporter-output>
        </test-method> <!-- BajajTestCase -->
        <test-method is-config="true" signature="setup()[pri:0, instance:com.selenium.testcases.TestCases@3e58a80e]" started-at="2022-06-03T11:00:41 IST" name="setup" finished-at="2022-06-03T11:00:44 IST" duration-ms="2924" status="PASS">
          <reporter-output>
          </reporter-output>
        </test-method> <!-- setup -->
        <test-method signature="AmazonTestCase()[pri:2, instance:com.selenium.testcases.TestCases@3e58a80e]" started-at="2022-06-03T11:00:44 IST" name="AmazonTestCase" description="Amazon Test Case" finished-at="2022-06-03T11:01:18 IST" duration-ms="33980" status="PASS">
          <reporter-output>
          </reporter-output>
        </test-method> <!-- AmazonTestCase -->
      </class> <!-- com.selenium.testcases.TestCases -->
    </test> <!-- Default test -->
  </suite> <!-- Default suite -->
</testng-results>
